<?xml version="1.0" encoding="UTF-8" ?>
<testsuite tests="2" failures="0" name="com.bitmonlab.osiris.commons.map.model.geojson.LineStringTest" time="0.043" errors="0" skipped="0">
  <properties>
[...]
</properties>
  <testcase classname="com.bitmonlab.osiris.commons.map.model.geojson.LineStringTest" name="calculateCentroid_centroidPointsNONull" time="0.038"/>
  <testcase classname="com.bitmonlab.osiris.commons.map.model.geojson.LineStringTest" name="calculateCentroid_centroidPointsNull" time="0.005"/>
</testsuite>